0 info it worked if it ends with ok
1 verbose cli [ 'C:\\Program Files\\nodejs\\node.exe',
1 verbose cli   'C:\\Program Files\\nodejs\\node_modules\\npm\\bin\\npm-cli.js',
1 verbose cli   'run',
1 verbose cli   'build-windows' ]
2 info using npm@2.14.12
3 info using node@v4.2.4
4 verbose run-script [ 'prebuild-windows', 'build-windows', 'postbuild-windows' ]
5 info prebuild-windows ggmessenger@0.4.0
6 info build-windows ggmessenger@0.4.0
7 verbose unsafe-perm in lifecycle true
8 info ggmessenger@0.4.0 Failed to exec build-windows script
9 verbose stack Error: ggmessenger@0.4.0 build-windows: `electron-packager . $npm_package_productName --overwrite --out=dist --ignore='^/dist$' --ignore='^/media/(?!Icon.ico$).*' --prune --platform=win32 --arch=ia32 --icon=media/Icon.ico --version=$npm_package_electronVersion --version-string.ProductName=$npm_package_productName --version-string.ProductVersion=$npm_package_electronVersion && cd dist/GGMessenger-win32-ia32/ && zip -ryq9 ../GGMessenger-windows-"$npm_package_version".zip *`
9 verbose stack Exit status 255
9 verbose stack     at EventEmitter.<anonymous> (C:\Program Files\nodejs\node_modules\npm\lib\utils\lifecycle.js:214:16)
9 verbose stack     at emitTwo (events.js:87:13)
9 verbose stack     at EventEmitter.emit (events.js:172:7)
9 verbose stack     at ChildProcess.<anonymous> (C:\Program Files\nodejs\node_modules\npm\lib\utils\spawn.js:24:14)
9 verbose stack     at emitTwo (events.js:87:13)
9 verbose stack     at ChildProcess.emit (events.js:172:7)
9 verbose stack     at maybeClose (internal/child_process.js:818:16)
9 verbose stack     at Process.ChildProcess._handle.onexit (internal/child_process.js:211:5)
10 verbose pkgid ggmessenger@0.4.0
11 verbose cwd F:\Dropbox\GitHub\GGMessenger
12 error Windows_NT 10.0.10240
13 error argv "C:\\Program Files\\nodejs\\node.exe" "C:\\Program Files\\nodejs\\node_modules\\npm\\bin\\npm-cli.js" "run" "build-windows"
14 error node v4.2.4
15 error npm  v2.14.12
16 error code ELIFECYCLE
17 error ggmessenger@0.4.0 build-windows: `electron-packager . $npm_package_productName --overwrite --out=dist --ignore='^/dist$' --ignore='^/media/(?!Icon.ico$).*' --prune --platform=win32 --arch=ia32 --icon=media/Icon.ico --version=$npm_package_electronVersion --version-string.ProductName=$npm_package_productName --version-string.ProductVersion=$npm_package_electronVersion && cd dist/GGMessenger-win32-ia32/ && zip -ryq9 ../GGMessenger-windows-"$npm_package_version".zip *`
17 error Exit status 255
18 error Failed at the ggmessenger@0.4.0 build-windows script 'electron-packager . $npm_package_productName --overwrite --out=dist --ignore='^/dist$' --ignore='^/media/(?!Icon.ico$).*' --prune --platform=win32 --arch=ia32 --icon=media/Icon.ico --version=$npm_package_electronVersion --version-string.ProductName=$npm_package_productName --version-string.ProductVersion=$npm_package_electronVersion && cd dist/GGMessenger-win32-ia32/ && zip -ryq9 ../GGMessenger-windows-"$npm_package_version".zip *'.
18 error This is most likely a problem with the ggmessenger package,
18 error not with npm itself.
18 error Tell the author that this fails on your system:
18 error     electron-packager . $npm_package_productName --overwrite --out=dist --ignore='^/dist$' --ignore='^/media/(?!Icon.ico$).*' --prune --platform=win32 --arch=ia32 --icon=media/Icon.ico --version=$npm_package_electronVersion --version-string.ProductName=$npm_package_productName --version-string.ProductVersion=$npm_package_electronVersion && cd dist/GGMessenger-win32-ia32/ && zip -ryq9 ../GGMessenger-windows-"$npm_package_version".zip *
18 error You can get their info via:
18 error     npm owner ls ggmessenger
18 error There is likely additional logging output above.
19 verbose exit [ 1, true ]
